<?xml version="1.0" encoding="utf-8"?><testsuites name="pytest tests"><testsuite name="pytest" errors="0" failures="0" skipped="0" tests="18" time="63.553" timestamp="2026-08-20T16:14:20.536886+00:00" hostname="agent-env-4fb09b18-2478-4c06-9c29-182737b766b9"><testcase classname="tests.backend_test.TestMeta" name="test_root" time="0.319" /><testcase classname="tests.backend_test.TestLifecycle" name="test_01_create" time="0.404" /><testcase classname="tests.backend_test.TestMeta" name="test_versions[vanilla]" time="0.334" /><testcase classname="tests.backend_test.TestLifecycle" name="test_02_install_completes" time="3.349" /><testcase classname="tests.backend_test.TestMeta" name="test_versions[paper]" time="0.188" /><testcase classname="tests.backend_test.TestMeta" name="test_versions[fabric]" time="0.262" /><testcase classname="tests.backend_test.TestMeta" name="test_versions[forge]" time="0.257" /><testcase classname="tests.backend_test.TestMeta" name="test_versions_invalid_type" time="0.060" /><testcase classname="tests.backend_test.TestMeta" name="test_property_schema" time="0.071" /><testcase classname="tests.backend_test.TestMeta" name="test_get_missing_server_404" time="0.082" /><testcase classname="tests.backend_test.TestMeta" name="test_create_invalid_type" time="0.075" /><testcase classname="tests.backend_test.TestLifecycle" name="test_03_properties_get_put" time="0.239" /><testcase classname="tests.backend_test.TestLifecycle" name="test_04_mods_search_install_list_delete" time="1.337" /><testcase classname="tests.backend_test.TestLifecycle" name="test_05_start_and_running" time="50.554" /><testcase classname="tests.backend_test.TestLifecycle" name="test_06_command" time="3.208" /><testcase classname="tests.backend_test.TestLifecycle" name="test_07_backup_while_running" time="0.256" /><testcase classname="tests.backend_test.TestLifecycle" name="test_08_stop" time="3.306" /><testcase classname="tests.backend_test.TestLifecycle" name="test_09_delete" time="0.381" /></testsuite></testsuites>